[0.030s] Invoking command in '/home/julian/workspace/Studium/ros2_ws/build/chatting': CMAKE_PREFIX_PATH=${CMAKE_PREFIX_PATH}:/home/julian/workspace/Studium/ros2_ws/install/py_pubsub:/home/julian/workspace/Studium/ros2_ws/install/test_controller:/opt/ros/kilted /usr/bin/cmake --build /home/julian/workspace/Studium/ros2_ws/build/chatting -- -j12 -l12
[0.263s] -- Found ament_cmake: 2.7.3 (/opt/ros/kilted/share/ament_cmake/cmake)
[0.263s] -- Found Python3: /usr/bin/python3 (found version "3.12.3") found components: Interpreter 
[0.263s] -- Found rclcpp: 29.5.3 (/opt/ros/kilted/share/rclcpp/cmake)
[0.392s] -- Found rosidl_generator_c: 4.9.5 (/opt/ros/kilted/share/rosidl_generator_c/cmake)
[0.400s] -- Found rosidl_generator_cpp: 4.9.5 (/opt/ros/kilted/share/rosidl_generator_cpp/cmake)
[0.411s] -- Using all available rosidl_typesupport_c: rosidl_typesupport_fastrtps_c;rosidl_typesupport_introspection_c
[0.423s] -- Using all available rosidl_typesupport_cpp: rosidl_typesupport_fastrtps_cpp;rosidl_typesupport_introspection_cpp
[0.486s] -- Found rmw_implementation_cmake: 7.8.2 (/opt/ros/kilted/share/rmw_implementation_cmake/cmake)
[0.487s] -- Found rmw_fastrtps_cpp: 9.3.3 (/opt/ros/kilted/share/rmw_fastrtps_cpp/cmake)
[0.536s] -- Using RMW implementation 'rmw_fastrtps_cpp' as default
[0.749s] -- Found std_msgs: 5.5.1 (/opt/ros/kilted/share/std_msgs/cmake)
[0.769s] -- Found rosidl_default_generators: 1.7.1 (/opt/ros/kilted/share/rosidl_default_generators/cmake)
[0.776s] -- Found rosidl_adapter: 4.9.5 (/opt/ros/kilted/share/rosidl_adapter/cmake)
[1.074s] -- Found ament_cmake_ros_core: 0.14.3 (/opt/ros/kilted/share/ament_cmake_ros_core/cmake)
[1.237s] -- Using all available rosidl_typesupport_c: rosidl_typesupport_fastrtps_c;rosidl_typesupport_introspection_c
[1.297s] -- Using all available rosidl_typesupport_cpp: rosidl_typesupport_fastrtps_cpp;rosidl_typesupport_introspection_cpp
[1.579s] -- Found Python3: /usr/bin/python3 (found version "3.12.3") found components: Interpreter Development NumPy Development.Module Development.Embed 
[1.587s] [0mCMake Deprecation Warning at /opt/ros/kilted/share/ament_cmake_target_dependencies/cmake/ament_target_dependencies.cmake:87 (message):
[1.588s]   ament_target_dependencies() is deprecated.  Use target_link_libraries()
[1.588s]   with modern CMake targets instead.  Try replacing this call with:
[1.588s] 
[1.588s]     target_link_libraries(talker PUBLIC
[1.589s]       ${std_msgs_TARGETS}
[1.589s]       rclcpp::rclcpp
[1.589s]     )
[1.589s] 
[1.589s] Call Stack (most recent call first):
[1.589s]   CMakeLists.txt:27 (ament_target_dependencies)
[1.589s] 
[1.589s] [0m
[1.590s] [0mCMake Deprecation Warning at /opt/ros/kilted/share/rosidl_cmake/cmake/rosidl_target_interfaces.cmake:32 (message):
[1.590s]   Use rosidl_get_typesupport_target() and target_link_libraries() instead of
[1.590s]   rosidl_target_interfaces().  i.e:
[1.590s] 
[1.590s]     rosidl_get_typesupport_target(cpp_typesupport_target "${PROJECT_NAME}" "rosidl_typesupport_cpp")
[1.590s]     target_link_libraries(${PROJECT_NAME}_node "${cpp_typesupport_target}")
[1.590s] 
[1.590s] Call Stack (most recent call first):
[1.591s]   CMakeLists.txt:28 (rosidl_target_interfaces)
[1.591s] 
[1.591s] [0m
[1.591s] [0mCMake Deprecation Warning at /opt/ros/kilted/share/ament_cmake_target_dependencies/cmake/ament_target_dependencies.cmake:87 (message):
[1.591s]   ament_target_dependencies() is deprecated.  Use target_link_libraries()
[1.591s]   with modern CMake targets instead.  Try replacing this call with:
[1.591s] 
[1.591s]     target_link_libraries(listener PUBLIC
[1.591s]       ${std_msgs_TARGETS}
[1.591s]       rclcpp::rclcpp
[1.591s]     )
[1.591s] 
[1.591s] Call Stack (most recent call first):
[1.591s]   CMakeLists.txt:36 (ament_target_dependencies)
[1.592s] 
[1.592s] [0m
[1.592s] [0mCMake Deprecation Warning at /opt/ros/kilted/share/rosidl_cmake/cmake/rosidl_target_interfaces.cmake:32 (message):
[1.592s]   Use rosidl_get_typesupport_target() and target_link_libraries() instead of
[1.592s]   rosidl_target_interfaces().  i.e:
[1.592s] 
[1.592s]     rosidl_get_typesupport_target(cpp_typesupport_target "${PROJECT_NAME}" "rosidl_typesupport_cpp")
[1.592s]     target_link_libraries(${PROJECT_NAME}_node "${cpp_typesupport_target}")
[1.592s] 
[1.592s] Call Stack (most recent call first):
[1.592s]   CMakeLists.txt:37 (rosidl_target_interfaces)
[1.592s] 
[1.592s] [0m
[1.594s] -- Configuring done (1.5s)
[1.634s] -- Generating done (0.0s)
[1.647s] -- Build files have been written to: /home/julian/workspace/Studium/ros2_ws/build/chatting
[1.677s] [  2%] [34m[1mGenerating type hashes for ROS interfaces[0m
[1.685s] [  2%] Built target ament_cmake_python_copy_chatting
[1.844s] [  2%] Built target chatting__rosidl_generator_type_description
[1.856s] [  5%] [34m[1mGenerating C code for ROS interfaces[0m
[1.867s] [  7%] [34m[1mGenerating C++ code for ROS interfaces[0m
[1.878s] running egg_info
[1.900s] writing chatting.egg-info/PKG-INFO
[1.901s] writing dependency_links to chatting.egg-info/dependency_links.txt
[1.901s] writing top-level names to chatting.egg-info/top_level.txt
[1.945s] reading manifest file 'chatting.egg-info/SOURCES.txt'
[1.946s] writing manifest file 'chatting.egg-info/SOURCES.txt'
[1.972s] [  7%] Built target ament_cmake_python_build_chatting_egg
[2.088s] [  7%] Built target chatting__cpp
[2.104s] [ 10%] [32mBuilding C object CMakeFiles/chatting__rosidl_generator_c.dir/rosidl_generator_c/chatting/msg/detail/nachricht__description.c.o[0m
[2.105s] [ 13%] [32mBuilding C object CMakeFiles/chatting__rosidl_generator_c.dir/rosidl_generator_c/chatting/msg/detail/nachricht__functions.c.o[0m
[2.108s] [ 15%] [32mBuilding C object CMakeFiles/chatting__rosidl_generator_c.dir/rosidl_generator_c/chatting/msg/detail/nachricht__type_support.c.o[0m
[2.150s] [ 18%] [32m[1mLinking C shared library libchatting__rosidl_generator_c.so[0m
[2.230s] [ 18%] Built target chatting__rosidl_generator_c
[2.241s] [ 21%] [34m[1mGenerating C++ type support dispatch for ROS interfaces[0m
[2.241s] [ 23%] [34m[1mGenerating C type support for eProsima Fast-RTPS[0m
[2.246s] [ 26%] [34m[1mGenerating C++ type support for eProsima Fast-RTPS[0m
[2.246s] [ 28%] [34m[1mGenerating C introspection for ROS interfaces[0m
[2.252s] [ 31%] [34m[1mGenerating C type support dispatch for ROS interfaces[0m
[2.252s] [ 34%] [34m[1mGenerating C++ introspection for ROS interfaces[0m
[2.542s] [ 36%] [32mBuilding CXX object CMakeFiles/chatting__rosidl_typesupport_cpp.dir/rosidl_typesupport_cpp/chatting/msg/nachricht__type_support.cpp.o[0m
[2.569s] [ 39%] [32mBuilding CXX object CMakeFiles/chatting__rosidl_typesupport_fastrtps_c.dir/rosidl_typesupport_fastrtps_c/chatting/msg/detail/nachricht__type_support_c.cpp.o[0m
[2.572s] [ 42%] [32mBuilding CXX object CMakeFiles/chatting__rosidl_typesupport_c.dir/rosidl_typesupport_c/chatting/msg/nachricht__type_support.cpp.o[0m
[2.587s] [ 44%] [32mBuilding C object CMakeFiles/chatting__rosidl_typesupport_introspection_c.dir/rosidl_typesupport_introspection_c/chatting/msg/detail/nachricht__type_support.c.o[0m
[2.600s] [ 47%] [32mBuilding CXX object CMakeFiles/chatting__rosidl_typesupport_introspection_cpp.dir/rosidl_typesupport_introspection_cpp/chatting/msg/detail/nachricht__type_support.cpp.o[0m
[2.624s] [ 50%] [32mBuilding CXX object CMakeFiles/chatting__rosidl_typesupport_fastrtps_cpp.dir/rosidl_typesupport_fastrtps_cpp/chatting/msg/detail/dds_fastrtps/nachricht__type_support.cpp.o[0m
[2.632s] [ 52%] [32m[1mLinking C shared library libchatting__rosidl_typesupport_introspection_c.so[0m
[2.637s] [ 55%] [32m[1mLinking CXX shared library libchatting__rosidl_typesupport_c.so[0m
[2.727s] [ 55%] Built target chatting__rosidl_typesupport_introspection_c
[2.736s] [ 55%] Built target chatting__rosidl_typesupport_c
[2.918s] [ 57%] [32m[1mLinking CXX shared library libchatting__rosidl_typesupport_cpp.so[0m
[2.981s] [ 60%] [32m[1mLinking CXX shared library libchatting__rosidl_typesupport_introspection_cpp.so[0m
[3.037s] [ 60%] Built target chatting__rosidl_typesupport_cpp
[3.112s] [ 60%] Built target chatting__rosidl_typesupport_introspection_cpp
[3.125s] [ 63%] [32m[1mLinking CXX shared library libchatting__rosidl_typesupport_fastrtps_c.so[0m
[3.149s] [ 65%] [32m[1mLinking CXX shared library libchatting__rosidl_typesupport_fastrtps_cpp.so[0m
[3.317s] [ 65%] Built target chatting__rosidl_typesupport_fastrtps_c
[3.335s] [ 65%] Built target chatting__rosidl_typesupport_fastrtps_cpp
[3.352s] [ 65%] Built target chatting
[3.374s] [ 68%] [34m[1mGenerating Python code for ROS interfaces[0m
[3.378s] [ 71%] [32mBuilding CXX object CMakeFiles/talker.dir/src/publisher_lambda_function.cpp.o[0m
[3.380s] [ 73%] [32mBuilding CXX object CMakeFiles/listener.dir/src/subscriber_lambda_function.cpp.o[0m
[3.625s] [ 73%] Built target chatting__py
[3.651s] [ 76%] [32mBuilding C object CMakeFiles/chatting__rosidl_generator_py.dir/rosidl_generator_py/chatting/msg/_nachricht_s.c.o[0m
[3.781s] [ 78%] [32m[1mLinking C shared library libchatting__rosidl_generator_py.so[0m
[3.909s] [ 78%] Built target chatting__rosidl_generator_py
[3.930s] [ 81%] [32mBuilding C object CMakeFiles/chatting_s__rosidl_typesupport_introspection_c.dir/rosidl_generator_py/chatting/_chatting_s.ep.rosidl_typesupport_introspection_c.c.o[0m
[3.941s] [ 84%] [32mBuilding C object CMakeFiles/chatting_s__rosidl_typesupport_c.dir/rosidl_generator_py/chatting/_chatting_s.ep.rosidl_typesupport_c.c.o[0m
[3.942s] [ 86%] [32mBuilding C object CMakeFiles/chatting_s__rosidl_typesupport_fastrtps_c.dir/rosidl_generator_py/chatting/_chatting_s.ep.rosidl_typesupport_fastrtps_c.c.o[0m
[4.047s] [ 89%] [32m[1mLinking C shared module rosidl_generator_py/chatting/chatting_s__rosidl_typesupport_introspection_c.so[0m
[4.068s] [ 92%] [32m[1mLinking C shared module rosidl_generator_py/chatting/chatting_s__rosidl_typesupport_fastrtps_c.so[0m
[4.073s] [ 94%] [32m[1mLinking C shared module rosidl_generator_py/chatting/chatting_s__rosidl_typesupport_c.so[0m
[4.166s] [ 94%] Built target chatting_s__rosidl_typesupport_fastrtps_c
[4.167s] [ 94%] Built target chatting_s__rosidl_typesupport_introspection_c
[4.172s] [ 94%] Built target chatting_s__rosidl_typesupport_c
[5.709s] [01m[K/home/julian/workspace/Studium/ros2_ws/src/chatting/src/publisher_lambda_function.cpp:33:36:[m[K [01;31m[Kerror: [m[Kâ€˜[01m[KSchreibClient[m[Kâ€™ is not a member of â€˜[01m[Kchatting::msg[m[Kâ€™; did you mean â€˜[01m[KSchreibClient[m[Kâ€™?
[5.709s]    33 |   rclcpp::Publisher<chatting::msg::[01;31m[KSchreibClient[m[K>::SharedPtr address_book_publisher_;
[5.709s]       |                                    [01;31m[K^~~~~~~~~~~~~[m[K
[5.710s] [01m[K/home/julian/workspace/Studium/ros2_ws/src/chatting/src/publisher_lambda_function.cpp:9:7:[m[K [01;36m[Knote: [m[Kâ€˜[01m[KSchreibClient[m[Kâ€™ declared here
[5.710s]     9 | class [01;36m[KSchreibClient[m[K : public rclcpp::Node
[5.710s]       |       [01;36m[K^~~~~~~~~~~~~[m[K
[5.710s] [01m[K/home/julian/workspace/Studium/ros2_ws/src/chatting/src/publisher_lambda_function.cpp:33:49:[m[K [01;31m[Kerror: [m[Ktemplate argument 1 is invalid
[5.710s]    33 |   rclcpp::Publisher<chatting::msg::SchreibClient[01;31m[K>[m[K::SharedPtr address_book_publisher_;
[5.710s]       |                                                 [01;31m[K^[m[K
[5.717s] [01m[K/home/julian/workspace/Studium/ros2_ws/src/chatting/src/publisher_lambda_function.cpp:33:52:[m[K [01;31m[Kerror: [m[Kexpected â€˜[01m[K;[m[Kâ€™ at end of member declaration
[5.717s]    33 |   rclcpp::Publisher<chatting::msg::SchreibClient>::[01;31m[KSharedPtr[m[K address_book_publisher_;
[5.717s]       |                                                    [01;31m[K^~~~~~~~~[m[K
[5.717s]       |                                                             [32m[K;[m[K
[5.722s] [01m[K/home/julian/workspace/Studium/ros2_ws/src/chatting/src/publisher_lambda_function.cpp:33:62:[m[K [01;31m[Kerror: [m[Kâ€˜[01m[Kaddress_book_publisher_[m[Kâ€™ does not name a type
[5.722s]    33 |   rclcpp::Publisher<chatting::msg::SchreibClient>::SharedPtr [01;31m[Kaddress_book_publisher_[m[K;
[5.722s]       |                                                              [01;31m[K^~~~~~~~~~~~~~~~~~~~~~~[m[K
[5.737s] [01m[K/home/julian/workspace/Studium/ros2_ws/src/chatting/src/publisher_lambda_function.cpp:[m[K In constructor â€˜[01m[KSchreibClient::[01;32m[KSchreibClient[m[K()[m[Kâ€™:
[5.737s] [01m[K/home/julian/workspace/Studium/ros2_ws/src/chatting/src/publisher_lambda_function.cpp:15:5:[m[K [01;31m[Kerror: [m[Kâ€˜[01m[Kaddress_book_publisher_[m[Kâ€™ was not declared in this scope
[5.737s]    15 |     [01;31m[Kaddress_book_publisher_[m[K =
[5.737s]       |     [01;31m[K^~~~~~~~~~~~~~~~~~~~~~~[m[K
[5.738s] [01m[K/home/julian/workspace/Studium/ros2_ws/src/chatting/src/publisher_lambda_function.cpp:16:45:[m[K [01;31m[Kerror: [m[Kâ€˜[01m[KAddressBook[m[Kâ€™ is not a member of â€˜[01m[Kchatting::msg[m[Kâ€™
[5.738s]    16 |       this->create_publisher<chatting::msg::[01;31m[KAddressBook[m[K>("address_book", 10);
[5.738s]       |                                             [01;31m[K^~~~~~~~~~~[m[K
[5.739s] [01m[K/home/julian/workspace/Studium/ros2_ws/src/chatting/src/publisher_lambda_function.cpp:16:57:[m[K [01;31m[Kerror: [m[Kno matching function for call to â€˜[01m[KSchreibClient::create_publisher<<expression error> >(const char [13], int)[m[Kâ€™
[5.739s]    16 |       [01;31m[Kthis->create_publisher<chatting::msg::AddressBook>("address_book", 10)[m[K;
[5.739s]       |       [01;31m[K~~~~~~~~~~~~~~~~~~~~~~~~~~~~~~~~~~~~~~~~~~~~~~~~~~^~~~~~~~~~~~~~~~~~~~[m[K
[5.739s] In file included from [01m[K/opt/ros/kilted/include/rclcpp/rclcpp/executors/single_threaded_executor.hpp:28[m[K,
[5.739s]                  from [01m[K/opt/ros/kilted/include/rclcpp/rclcpp/executors.hpp:22[m[K,
[5.739s]                  from [01m[K/opt/ros/kilted/include/rclcpp/rclcpp/rclcpp.hpp:172[m[K,
[5.739s]                  from [01m[K/home/julian/workspace/Studium/ros2_ws/src/chatting/src/publisher_lambda_function.cpp:4[m[K:
[5.739s] [01m[K/opt/ros/kilted/include/rclcpp/rclcpp/node.hpp:198:3:[m[K [01;36m[Knote: [m[Kcandidate: â€˜[01m[Ktemplate<class MessageT, class AllocatorT, class PublisherT> std::shared_ptr<PublisherT> rclcpp::Node::[01;32m[Kcreate_publisher[m[K(const std::string&, const rclcpp::QoS&, const rclcpp::PublisherOptionsWithAllocator<AllocatorT>&)[m[Kâ€™
[5.739s]   198 |   [01;36m[Kcreate_publisher[m[K(
[5.739s]       |   [01;36m[K^~~~~~~~~~~~~~~~[m[K
[5.739s] [01m[K/opt/ros/kilted/include/rclcpp/rclcpp/node.hpp:198:3:[m[K [01;36m[Knote: [m[K  template argument deduction/substitution failed:
[5.739s] [01m[K/home/julian/workspace/Studium/ros2_ws/src/chatting/src/publisher_lambda_function.cpp:16:57:[m[K [01;31m[Kerror: [m[Ktemplate argument 1 is invalid
[5.739s]    16 |       [01;31m[Kthis->create_publisher<chatting::msg::AddressBook>("address_book", 10)[m[K;
[5.739s]       |       [01;31m[K~~~~~~~~~~~~~~~~~~~~~~~~~~~~~~~~~~~~~~~~~~~~~~~~~~^~~~~~~~~~~~~~~~~~~~[m[K
[5.740s] [01m[K/home/julian/workspace/Studium/ros2_ws/src/chatting/src/publisher_lambda_function.cpp:[m[K In lambda function:
[5.740s] [01m[K/home/julian/workspace/Studium/ros2_ws/src/chatting/src/publisher_lambda_function.cpp:19:33:[m[K [01;31m[Kerror: [m[Kâ€˜[01m[KAddressBook[m[Kâ€™ is not a member of â€˜[01m[Kchatting::msg[m[Kâ€™
[5.740s]    19 |   auto message = chatting::msg::[01;31m[KAddressBook[m[K();
[5.740s]       |                                 [01;31m[K^~~~~~~~~~~[m[K
[5.740s] [01m[K/home/julian/workspace/Studium/ros2_ws/src/chatting/src/publisher_lambda_function.cpp:27:15:[m[K [01;31m[Kerror: [m[Kâ€˜[01m[Kclass SchreibClient[m[Kâ€™ has no member named â€˜[01m[Kaddress_book_publisher_[m[Kâ€™
[5.740s]    27 |         this->[01;31m[Kaddress_book_publisher_[m[K->publish(message);
[5.741s]       |               [01;31m[K^~~~~~~~~~~~~~~~~~~~~~~[m[K
[5.746s] [01m[K/home/julian/workspace/Studium/ros2_ws/src/chatting/src/subscriber_lambda_function.cpp:36:39:[m[K [01;31m[Kerror: [m[Kâ€˜[01m[KAddressBook[m[Kâ€™ is not a member of â€˜[01m[Kchatting::msg[m[Kâ€™
[5.746s]    36 |   rclcpp::Subscription<chatting::msg::[01;31m[KAddressBook[m[K>::SharedPtr subscription_;
[5.746s]       |                                       [01;31m[K^~~~~~~~~~~[m[K
[5.746s] [01m[K/home/julian/workspace/Studium/ros2_ws/src/chatting/src/subscriber_lambda_function.cpp:36:50:[m[K [01;31m[Kerror: [m[Ktemplate argument 1 is invalid
[5.746s]    36 |   rclcpp::Subscription<chatting::msg::AddressBook[01;31m[K>[m[K::SharedPtr subscription_;
[5.746s]       |                                                  [01;31m[K^[m[K
[5.746s] [01m[K/home/julian/workspace/Studium/ros2_ws/src/chatting/src/subscriber_lambda_function.cpp:36:50:[m[K [01;31m[Kerror: [m[Ktemplate argument 3 is invalid
[5.746s] [01m[K/home/julian/workspace/Studium/ros2_ws/src/chatting/src/subscriber_lambda_function.cpp:36:50:[m[K [01;31m[Kerror: [m[Ktemplate argument 4 is invalid
[5.746s] [01m[K/home/julian/workspace/Studium/ros2_ws/src/chatting/src/subscriber_lambda_function.cpp:36:50:[m[K [01;31m[Kerror: [m[Ktemplate argument 5 is invalid
[5.746s] [01m[K/home/julian/workspace/Studium/ros2_ws/src/chatting/src/subscriber_lambda_function.cpp:36:53:[m[K [01;31m[Kerror: [m[Kexpected â€˜[01m[K;[m[Kâ€™ at end of member declaration
[5.746s]    36 |   rclcpp::Subscription<chatting::msg::AddressBook>::[01;31m[KSharedPtr[m[K subscription_;
[5.746s]       |                                                     [01;31m[K^~~~~~~~~[m[K
[5.746s]       |                                                              [32m[K;[m[K
[5.748s] [01m[K/home/julian/workspace/Studium/ros2_ws/src/chatting/src/subscriber_lambda_function.cpp:36:63:[m[K [01;31m[Kerror: [m[Kâ€˜[01m[Ksubscription_[m[Kâ€™ does not name a type; did you mean â€˜[01m[Krmw_subscription_t[m[Kâ€™?
[5.748s]    36 |   rclcpp::Subscription<chatting::msg::AddressBook>::SharedPtr [01;31m[Ksubscription_[m[K;
[5.748s]       |                                                               [01;31m[K^~~~~~~~~~~~~[m[K
[5.748s]       |                                                               [32m[Krmw_subscription_t[m[K
[5.749s] [01m[K/home/julian/workspace/Studium/ros2_ws/src/chatting/src/subscriber_lambda_function.cpp:[m[K In constructor â€˜[01m[KDisplayClient::[01;32m[KDisplayClient[m[K()[m[Kâ€™:
[5.749s] [01m[K/home/julian/workspace/Studium/ros2_ws/src/chatting/src/subscriber_lambda_function.cpp:27:35:[m[K [01;31m[Kerror: [m[Kâ€˜[01m[KAddressBook[m[Kâ€™ in namespace â€˜[01m[Kchatting::msg[m[Kâ€™ does not name a type
[5.750s]    27 |       [this](const chatting::msg::[01;31m[KAddressBook[m[K::SharedPtr msg) -> void {
[5.750s]       |                                   [01;31m[K^~~~~~~~~~~[m[K
[5.750s] [01m[K/home/julian/workspace/Studium/ros2_ws/src/chatting/src/subscriber_lambda_function.cpp:30:8:[m[K [01;31m[Kerror: [m[Kexpected â€˜[01m[K)[m[Kâ€™ before â€˜[01m[K;[m[Kâ€™ token
[5.750s]    30 |       }[01;31m[K;[m[K
[5.750s]       |        [01;31m[K^[m[K
[5.750s] [01m[K/home/julian/workspace/Studium/ros2_ws/src/chatting/src/subscriber_lambda_function.cpp:27:13:[m[K [01;36m[Knote: [m[Kto match this â€˜[01m[K([m[Kâ€™
[5.750s]    27 |       [this][01;36m[K([m[Kconst chatting::msg::AddressBook::SharedPtr msg) -> void {
[5.750s]       |             [01;36m[K^[m[K
[5.750s] [01m[K/home/julian/workspace/Studium/ros2_ws/src/chatting/src/subscriber_lambda_function.cpp:[m[K In lambda function:
[5.750s] [01m[K/home/julian/workspace/Studium/ros2_ws/src/chatting/src/subscriber_lambda_function.cpp:30:8:[m[K [01;31m[Kerror: [m[Kexpected â€˜[01m[K{[m[Kâ€™ before â€˜[01m[K;[m[Kâ€™ token
[5.751s]    30 |       }[01;31m[K;[m[K
[5.751s]       |        [01;31m[K^[m[K
[5.753s] [01m[K/home/julian/workspace/Studium/ros2_ws/src/chatting/src/publisher_lambda_function.cpp:[m[K In function â€˜[01m[Kint[01;32m[K main[m[K(int, char**)[m[Kâ€™:
[5.753s] [01m[K/home/julian/workspace/Studium/ros2_ws/src/chatting/src/publisher_lambda_function.cpp:41:33:[m[K [01;31m[Kerror: [m[Kâ€˜[01m[KAddressBookPublisher[m[Kâ€™ was not declared in this scope
[5.753s]    41 |   rclcpp::spin(std::make_shared<[01;31m[KAddressBookPublisher[m[K>());
[5.754s]       |                                 [01;31m[K^~~~~~~~~~~~~~~~~~~~[m[K
[5.754s] [01m[K/home/julian/workspace/Studium/ros2_ws/src/chatting/src/publisher_lambda_function.cpp:41:54:[m[K [01;31m[Kerror: [m[Kno matching function for call to â€˜[01m[Kmake_shared<<expression error> >()[m[Kâ€™
[5.754s]    41 |   rclcpp::spin([01;31m[Kstd::make_shared<AddressBookPublisher>()[m[K);
[5.754s]       |                [01;31m[K~~~~~~~~~~~~~~~~~~~~~~~~~~~~~~~~~~~~~~^~[m[K
[5.754s] In file included from [01m[K/usr/include/c++/13/memory:80[m[K,
[5.755s]                  from [01m[K/home/julian/workspace/Studium/ros2_ws/src/chatting/src/publisher_lambda_function.cpp:2[m[K:
[5.755s] [01m[K/usr/include/c++/13/bits/shared_ptr.h:1005:5:[m[K [01;36m[Knote: [m[Kcandidate: â€˜[01m[Ktemplate<class _Tp, class ... _Args> std::shared_ptr<typename std::enable_if<(! std::is_array< <template-parameter-1-1> >::value), _Tp>::type> std::[01;32m[Kmake_shared[m[K(_Args&& ...)[m[Kâ€™
[5.755s]  1005 |     [01;36m[Kmake_shared[m[K(_Args&&... __args)
[5.755s]       |     [01;36m[K^~~~~~~~~~~[m[K
[5.755s] [01m[K/usr/include/c++/13/bits/shared_ptr.h:1005:5:[m[K [01;36m[Knote: [m[K  template argument deduction/substitution failed:
[5.755s] [01m[K/home/julian/workspace/Studium/ros2_ws/src/chatting/src/publisher_lambda_function.cpp:41:54:[m[K [01;31m[Kerror: [m[Ktemplate argument 1 is invalid
[5.755s]    41 |   rclcpp::spin([01;31m[Kstd::make_shared<AddressBookPublisher>()[m[K);
[5.755s]       |                [01;31m[K~~~~~~~~~~~~~~~~~~~~~~~~~~~~~~~~~~~~~~^~[m[K
[5.758s] [01m[K/home/julian/workspace/Studium/ros2_ws/src/chatting/src/subscriber_lambda_function.cpp:[m[K In constructor â€˜[01m[KDisplayClient::[01;32m[KDisplayClient[m[K()[m[Kâ€™:
[5.758s] [01m[K/home/julian/workspace/Studium/ros2_ws/src/chatting/src/subscriber_lambda_function.cpp:31:5:[m[K [01;31m[Kerror: [m[Kâ€˜[01m[Ksubscription_[m[Kâ€™ was not declared in this scope; did you mean â€˜[01m[Krmw_subscription_t[m[Kâ€™?
[5.758s]    31 |     [01;31m[Ksubscription_[m[K =
[5.758s]       |     [01;31m[K^~~~~~~~~~~~~[m[K
[5.759s]       |     [32m[Krmw_subscription_t[m[K
[5.759s] [01m[K/home/julian/workspace/Studium/ros2_ws/src/chatting/src/subscriber_lambda_function.cpp:32:48:[m[K [01;31m[Kerror: [m[Kâ€˜[01m[KAddressBook[m[Kâ€™ is not a member of â€˜[01m[Kchatting::msg[m[Kâ€™
[5.759s]    32 |       this->create_subscription<chatting::msg::[01;31m[KAddressBook[m[K>("address_book", 10, topic_callback);
[5.759s]       |                                                [01;31m[K^~~~~~~~~~~[m[K
[5.759s] [01m[K/home/julian/workspace/Studium/ros2_ws/src/chatting/src/subscriber_lambda_function.cpp:32:60:[m[K [01;31m[Kerror: [m[Kno matching function for call to â€˜[01m[KDisplayClient::create_subscription<<expression error> >(const char [13], int, DisplayClient::DisplayClient()::<lambda(int)>&)[m[Kâ€™
[5.760s]    32 |       [01;31m[Kthis->create_subscription<chatting::msg::AddressBook>("address_book", 10, topic_callback)[m[K;
[5.760s]       |       [01;31m[K~~~~~~~~~~~~~~~~~~~~~~~~~~~~~~~~~~~~~~~~~~~~~~~~~~~~~^~~~~~~~~~~~~~~~~~~~~~~~~~~~~~~~~~~~[m[K
[5.760s] In file included from [01m[K/opt/ros/kilted/include/rclcpp/rclcpp/executors/single_threaded_executor.hpp:28[m[K,
[5.760s]                  from [01m[K/opt/ros/kilted/include/rclcpp/rclcpp/executors.hpp:22[m[K,
[5.760s]                  from [01m[K/opt/ros/kilted/include/rclcpp/rclcpp/rclcpp.hpp:172[m[K,
[5.760s]                  from [01m[K/home/julian/workspace/Studium/ros2_ws/src/chatting/src/subscriber_lambda_function.cpp:17[m[K:
[5.760s] [01m[K/opt/ros/kilted/include/rclcpp/rclcpp/node.hpp:222:3:[m[K [01;36m[Knote: [m[Kcandidate: â€˜[01m[Ktemplate<class MessageT, class CallbackT, class AllocatorT, class SubscriptionT, class MessageMemoryStrategyT> std::shared_ptr<ROSMessageT> rclcpp::Node::[01;32m[Kcreate_subscription[m[K(const std::string&, const rclcpp::QoS&, CallbackT&&, const rclcpp::SubscriptionOptionsWithAllocator<AllocatorT>&, typename MessageMemoryStrategyT::SharedPtr)[m[Kâ€™
[5.760s]   222 |   [01;36m[Kcreate_subscription[m[K(
[5.760s]       |   [01;36m[K^~~~~~~~~~~~~~~~~~~[m[K
[5.760s] [01m[K/opt/ros/kilted/include/rclcpp/rclcpp/node.hpp:222:3:[m[K [01;36m[Knote: [m[K  template argument deduction/substitution failed:
[5.761s] [01m[K/home/julian/workspace/Studium/ros2_ws/src/chatting/src/subscriber_lambda_function.cpp:32:60:[m[K [01;31m[Kerror: [m[Ktemplate argument 1 is invalid
[5.761s]    32 |       [01;31m[Kthis->create_subscription<chatting::msg::AddressBook>("address_book", 10, topic_callback)[m[K;
[5.761s]       |       [01;31m[K~~~~~~~~~~~~~~~~~~~~~~~~~~~~~~~~~~~~~~~~~~~~~~~~~~~~~^~~~~~~~~~~~~~~~~~~~~~~~~~~~~~~~~~~~[m[K
[6.473s] gmake[2]: *** [CMakeFiles/listener.dir/build.make:76: CMakeFiles/listener.dir/src/subscriber_lambda_function.cpp.o] Error 1
[6.473s] gmake[1]: *** [CMakeFiles/Makefile2:657: CMakeFiles/listener.dir/all] Error 2
[6.473s] gmake[1]: *** Waiting for unfinished jobs....
[6.531s] gmake[2]: *** [CMakeFiles/talker.dir/build.make:76: CMakeFiles/talker.dir/src/publisher_lambda_function.cpp.o] Error 1
[6.531s] gmake[1]: *** [CMakeFiles/Makefile2:628: CMakeFiles/talker.dir/all] Error 2
[6.531s] gmake: *** [Makefile:146: all] Error 2
[6.535s] Invoked command in '/home/julian/workspace/Studium/ros2_ws/build/chatting' returned '2': CMAKE_PREFIX_PATH=${CMAKE_PREFIX_PATH}:/home/julian/workspace/Studium/ros2_ws/install/py_pubsub:/home/julian/workspace/Studium/ros2_ws/install/test_controller:/opt/ros/kilted /usr/bin/cmake --build /home/julian/workspace/Studium/ros2_ws/build/chatting -- -j12 -l12
