[0.013s] Invoking command in '/home/julian/workspace/Studium/ros2_ws/src/chatting/build/chatting': CMAKE_PREFIX_PATH=${CMAKE_PREFIX_PATH}:/home/julian/workspace/Studium/ros2_ws/install/py_pubsub:/home/julian/workspace/Studium/ros2_ws/install/test_controller:/opt/ros/kilted /usr/bin/cmake /home/julian/workspace/Studium/ros2_ws/src/chatting -DCMAKE_INSTALL_PREFIX=/home/julian/workspace/Studium/ros2_ws/src/chatting/install/chatting
[0.222s] -- The C compiler identification is GNU 13.3.0
[0.957s] -- The CXX compiler identification is GNU 13.3.0
[1.850s] -- Detecting C compiler ABI info
[2.224s] -- Detecting C compiler ABI info - done
[2.234s] -- Check for working C compiler: /usr/bin/cc - skipped
[2.241s] -- Detecting C compile features
[2.241s] -- Detecting C compile features - done
[2.345s] -- Detecting CXX compiler ABI info
[2.665s] -- Detecting CXX compiler ABI info - done
[2.677s] -- Check for working CXX compiler: /usr/bin/c++ - skipped
[2.678s] -- Detecting CXX compile features
[2.679s] -- Detecting CXX compile features - done
[2.682s] -- Found ament_cmake: 2.7.3 (/opt/ros/kilted/share/ament_cmake/cmake)
[2.843s] -- Found Python3: /usr/bin/python3 (found version "3.12.3") found components: Interpreter 
[2.961s] -- Found rclcpp: 29.5.3 (/opt/ros/kilted/share/rclcpp/cmake)
[3.246s] -- Found rosidl_generator_c: 4.9.5 (/opt/ros/kilted/share/rosidl_generator_c/cmake)
[3.257s] -- Found rosidl_generator_cpp: 4.9.5 (/opt/ros/kilted/share/rosidl_generator_cpp/cmake)
[3.272s] -- Using all available rosidl_typesupport_c: rosidl_typesupport_fastrtps_c;rosidl_typesupport_introspection_c
[3.294s] -- Using all available rosidl_typesupport_cpp: rosidl_typesupport_fastrtps_cpp;rosidl_typesupport_introspection_cpp
[3.371s] -- Found rmw_implementation_cmake: 7.8.2 (/opt/ros/kilted/share/rmw_implementation_cmake/cmake)
[3.375s] -- Found rmw_fastrtps_cpp: 9.3.3 (/opt/ros/kilted/share/rmw_fastrtps_cpp/cmake)
[3.472s] -- Found OpenSSL: /usr/lib/x86_64-linux-gnu/libcrypto.so (found version "3.0.13")  
[3.484s] -- Using RMW implementation 'rmw_fastrtps_cpp' as default
[3.733s] -- Found std_msgs: 5.5.1 (/opt/ros/kilted/share/std_msgs/cmake)
[3.754s] -- Found rosidl_default_generators: 1.7.1 (/opt/ros/kilted/share/rosidl_default_generators/cmake)
[3.767s] -- Found rosidl_adapter: 4.9.5 (/opt/ros/kilted/share/rosidl_adapter/cmake)
[4.399s] -- Found ament_cmake_ros_core: 0.14.3 (/opt/ros/kilted/share/ament_cmake_ros_core/cmake)
[5.128s] -- Using all available rosidl_typesupport_c: rosidl_typesupport_fastrtps_c;rosidl_typesupport_introspection_c
[5.417s] -- Using all available rosidl_typesupport_cpp: rosidl_typesupport_fastrtps_cpp;rosidl_typesupport_introspection_cpp
[5.900s] -- Found Python3: /usr/bin/python3 (found version "3.12.3") found components: Interpreter Development NumPy Development.Module Development.Embed 
[5.940s] -- Configuring done (5.9s)
[6.001s] -- Generating done (0.1s)
[6.021s] -- Build files have been written to: /home/julian/workspace/Studium/ros2_ws/src/chatting/build/chatting
[6.036s] Invoked command in '/home/julian/workspace/Studium/ros2_ws/src/chatting/build/chatting' returned '0': CMAKE_PREFIX_PATH=${CMAKE_PREFIX_PATH}:/home/julian/workspace/Studium/ros2_ws/install/py_pubsub:/home/julian/workspace/Studium/ros2_ws/install/test_controller:/opt/ros/kilted /usr/bin/cmake /home/julian/workspace/Studium/ros2_ws/src/chatting -DCMAKE_INSTALL_PREFIX=/home/julian/workspace/Studium/ros2_ws/src/chatting/install/chatting
[6.037s] Invoking command in '/home/julian/workspace/Studium/ros2_ws/src/chatting/build/chatting': CMAKE_PREFIX_PATH=${CMAKE_PREFIX_PATH}:/home/julian/workspace/Studium/ros2_ws/install/py_pubsub:/home/julian/workspace/Studium/ros2_ws/install/test_controller:/opt/ros/kilted /usr/bin/cmake --build /home/julian/workspace/Studium/ros2_ws/src/chatting/build/chatting -- -j12 -l12
[6.086s] [  2%] [32mBuilding CXX object CMakeFiles/listener.dir/src/subscriber_lambda_function.cpp.o[0m
[6.087s] [  5%] [34m[1mGenerating type hashes for ROS interfaces[0m
[6.089s] [  7%] [32mBuilding CXX object CMakeFiles/talker.dir/src/publisher_lambda_function.cpp.o[0m
[6.094s] [  7%] Built target ament_cmake_python_copy_chatting
[6.331s] [01m[K/home/julian/workspace/Studium/ros2_ws/src/chatting/src/publisher_lambda_function.cpp:5:10:[m[K [01;31m[Kfatal error: [m[Kchatting/msg/address_book.hpp: No such file or directory
[6.331s]     5 | #include [01;31m[K"chatting/msg/address_book.hpp"[m[K
[6.332s]       |          [01;31m[K^~~~~~~~~~~~~~~~~~~~~~~~~~~~~~~[m[K
[6.332s] compilation terminated.
[6.335s] gmake[2]: *** [CMakeFiles/talker.dir/build.make:76: CMakeFiles/talker.dir/src/publisher_lambda_function.cpp.o] Error 1
[6.335s] gmake[1]: *** [CMakeFiles/Makefile2:625: CMakeFiles/talker.dir/all] Error 2
[6.335s] gmake[1]: *** Waiting for unfinished jobs....
[6.337s] [  7%] Built target chatting__rosidl_generator_type_description
[6.377s] running egg_info
[6.378s] creating chatting.egg-info
[6.397s] writing chatting.egg-info/PKG-INFO
[6.398s] writing dependency_links to chatting.egg-info/dependency_links.txt
[6.398s] writing top-level names to chatting.egg-info/top_level.txt
[6.398s] writing manifest file 'chatting.egg-info/SOURCES.txt'
[6.467s] reading manifest file 'chatting.egg-info/SOURCES.txt'
[6.468s] writing manifest file 'chatting.egg-info/SOURCES.txt'
[6.499s] [  7%] Built target ament_cmake_python_build_chatting_egg
[14.061s] [ 10%] [32m[1mLinking CXX executable listener[0m
[14.435s] [ 10%] Built target listener
[14.436s] gmake: *** [Makefile:146: all] Error 2
[14.439s] Invoked command in '/home/julian/workspace/Studium/ros2_ws/src/chatting/build/chatting' returned '2': CMAKE_PREFIX_PATH=${CMAKE_PREFIX_PATH}:/home/julian/workspace/Studium/ros2_ws/install/py_pubsub:/home/julian/workspace/Studium/ros2_ws/install/test_controller:/opt/ros/kilted /usr/bin/cmake --build /home/julian/workspace/Studium/ros2_ws/src/chatting/build/chatting -- -j12 -l12
