[0.034s] Invoking command in '/home/julian/workspace/Studium/ros2_ws/build/chatting': CMAKE_PREFIX_PATH=${CMAKE_PREFIX_PATH}:/home/julian/workspace/Studium/ros2_ws/install/py_pubsub:/home/julian/workspace/Studium/ros2_ws/install/test_controller:/opt/ros/kilted /usr/bin/cmake --build /home/julian/workspace/Studium/ros2_ws/build/chatting -- -j12 -l12
[0.553s] [  2%] Built target chatting__rosidl_generator_type_description
[0.554s] [  2%] Built target ament_cmake_python_copy_chatting
[0.555s] [  5%] Built target chatting__cpp
[0.556s] [ 18%] Built target chatting__rosidl_generator_c
[0.556s] [ 34%] Built target chatting__rosidl_typesupport_introspection_cpp
[0.557s] [ 34%] Built target chatting__rosidl_typesupport_cpp
[0.557s] [ 42%] Built target chatting__rosidl_typesupport_c
[0.557s] [ 50%] Built target chatting__rosidl_typesupport_introspection_c
[0.557s] [ 57%] Built target chatting__rosidl_typesupport_fastrtps_c
[0.558s] [ 65%] Built target chatting__rosidl_typesupport_fastrtps_cpp
[0.558s] [ 65%] Built target chatting
[0.558s] [ 68%] Built target chatting__py
[0.559s] [ 71%] [32mBuilding CXX object CMakeFiles/talker.dir/src/publisher_lambda_function.cpp.o[0m
[0.559s] [ 73%] [32mBuilding CXX object CMakeFiles/listener.dir/src/subscriber_lambda_function.cpp.o[0m
[0.559s] [ 78%] Built target chatting__rosidl_generator_py
[0.560s] [ 84%] Built target chatting_s__rosidl_typesupport_introspection_c
[0.560s] [ 89%] Built target chatting_s__rosidl_typesupport_c
[0.560s] [ 94%] Built target chatting_s__rosidl_typesupport_fastrtps_c
[0.561s] running egg_info
[0.561s] writing chatting.egg-info/PKG-INFO
[0.562s] writing dependency_links to chatting.egg-info/dependency_links.txt
[0.563s] writing top-level names to chatting.egg-info/top_level.txt
[0.563s] reading manifest file 'chatting.egg-info/SOURCES.txt'
[0.563s] writing manifest file 'chatting.egg-info/SOURCES.txt'
[0.564s] [ 94%] Built target ament_cmake_python_build_chatting_egg
[2.848s] [01m[K/home/julian/workspace/Studium/ros2_ws/src/chatting/src/publisher_lambda_function.cpp:33:36:[m[K [01;31m[Kerror: [m[Kâ€˜[01m[KSchreibClient[m[Kâ€™ is not a member of â€˜[01m[Kchatting::msg[m[Kâ€™; did you mean â€˜[01m[KSchreibClient[m[Kâ€™?
[2.848s]    33 |   rclcpp::Publisher<chatting::msg::[01;31m[KSchreibClient[m[K>::SharedPtr address_book_publisher_;
[2.848s]       |                                    [01;31m[K^~~~~~~~~~~~~[m[K
[2.848s] [01m[K/home/julian/workspace/Studium/ros2_ws/src/chatting/src/publisher_lambda_function.cpp:9:7:[m[K [01;36m[Knote: [m[Kâ€˜[01m[KSchreibClient[m[Kâ€™ declared here
[2.848s]     9 | class [01;36m[KSchreibClient[m[K : public rclcpp::Node
[2.849s]       |       [01;36m[K^~~~~~~~~~~~~[m[K
[2.849s] [01m[K/home/julian/workspace/Studium/ros2_ws/src/chatting/src/publisher_lambda_function.cpp:33:49:[m[K [01;31m[Kerror: [m[Ktemplate argument 1 is invalid
[2.849s]    33 |   rclcpp::Publisher<chatting::msg::SchreibClient[01;31m[K>[m[K::SharedPtr address_book_publisher_;
[2.849s]       |                                                 [01;31m[K^[m[K
[2.849s] [01m[K/home/julian/workspace/Studium/ros2_ws/src/chatting/src/publisher_lambda_function.cpp:33:52:[m[K [01;31m[Kerror: [m[Kexpected â€˜[01m[K;[m[Kâ€™ at end of member declaration
[2.849s]    33 |   rclcpp::Publisher<chatting::msg::SchreibClient>::[01;31m[KSharedPtr[m[K address_book_publisher_;
[2.849s]       |                                                    [01;31m[K^~~~~~~~~[m[K
[2.849s]       |                                                             [32m[K;[m[K
[2.852s] [01m[K/home/julian/workspace/Studium/ros2_ws/src/chatting/src/publisher_lambda_function.cpp:33:62:[m[K [01;31m[Kerror: [m[Kâ€˜[01m[Kaddress_book_publisher_[m[Kâ€™ does not name a type
[2.852s]    33 |   rclcpp::Publisher<chatting::msg::SchreibClient>::SharedPtr [01;31m[Kaddress_book_publisher_[m[K;
[2.852s]       |                                                              [01;31m[K^~~~~~~~~~~~~~~~~~~~~~~[m[K
[2.865s] [01m[K/home/julian/workspace/Studium/ros2_ws/src/chatting/src/publisher_lambda_function.cpp:[m[K In constructor â€˜[01m[KSchreibClient::[01;32m[KSchreibClient[m[K()[m[Kâ€™:
[2.865s] [01m[K/home/julian/workspace/Studium/ros2_ws/src/chatting/src/publisher_lambda_function.cpp:15:5:[m[K [01;31m[Kerror: [m[Kâ€˜[01m[Kaddress_book_publisher_[m[Kâ€™ was not declared in this scope
[2.865s]    15 |     [01;31m[Kaddress_book_publisher_[m[K =
[2.865s]       |     [01;31m[K^~~~~~~~~~~~~~~~~~~~~~~[m[K
[2.868s] [01m[K/home/julian/workspace/Studium/ros2_ws/src/chatting/src/publisher_lambda_function.cpp:[m[K In lambda function:
[2.869s] [01m[K/home/julian/workspace/Studium/ros2_ws/src/chatting/src/publisher_lambda_function.cpp:27:15:[m[K [01;31m[Kerror: [m[Kâ€˜[01m[Kclass SchreibClient[m[Kâ€™ has no member named â€˜[01m[Kaddress_book_publisher_[m[Kâ€™
[2.869s]    27 |         this->[01;31m[Kaddress_book_publisher_[m[K->publish(message);
[2.869s]       |               [01;31m[K^~~~~~~~~~~~~~~~~~~~~~~[m[K
[3.134s] [01m[K/home/julian/workspace/Studium/ros2_ws/src/chatting/src/subscriber_lambda_function.cpp:[m[K In constructor â€˜[01m[KDisplayClient::[01;32m[KDisplayClient[m[K()[m[Kâ€™:
[3.134s] [01m[K/home/julian/workspace/Studium/ros2_ws/src/chatting/src/subscriber_lambda_function.cpp:32:48:[m[K [01;31m[Kerror: [m[Kâ€˜[01m[KAddressBook[m[Kâ€™ is not a member of â€˜[01m[Kchatting::msg[m[Kâ€™
[3.134s]    32 |       this->create_subscription<chatting::msg::[01;31m[KAddressBook[m[K>("address_book", 10, topic_callback);
[3.134s]       |                                                [01;31m[K^~~~~~~~~~~[m[K
[3.135s] [01m[K/home/julian/workspace/Studium/ros2_ws/src/chatting/src/subscriber_lambda_function.cpp:32:60:[m[K [01;31m[Kerror: [m[Kno matching function for call to â€˜[01m[KDisplayClient::create_subscription<<expression error> >(const char [13], int, DisplayClient::DisplayClient()::<lambda(chatting::msg::Nachricht_<std::allocator<void> >::SharedPtr)>&)[m[Kâ€™
[3.135s]    32 |       [01;31m[Kthis->create_subscription<chatting::msg::AddressBook>("address_book", 10, topic_callback)[m[K;
[3.135s]       |       [01;31m[K~~~~~~~~~~~~~~~~~~~~~~~~~~~~~~~~~~~~~~~~~~~~~~~~~~~~~^~~~~~~~~~~~~~~~~~~~~~~~~~~~~~~~~~~~[m[K
[3.135s] In file included from [01m[K/opt/ros/kilted/include/rclcpp/rclcpp/executors/single_threaded_executor.hpp:28[m[K,
[3.135s]                  from [01m[K/opt/ros/kilted/include/rclcpp/rclcpp/executors.hpp:22[m[K,
[3.135s]                  from [01m[K/opt/ros/kilted/include/rclcpp/rclcpp/rclcpp.hpp:172[m[K,
[3.136s]                  from [01m[K/home/julian/workspace/Studium/ros2_ws/src/chatting/src/subscriber_lambda_function.cpp:17[m[K:
[3.136s] [01m[K/opt/ros/kilted/include/rclcpp/rclcpp/node.hpp:222:3:[m[K [01;36m[Knote: [m[Kcandidate: â€˜[01m[Ktemplate<class MessageT, class CallbackT, class AllocatorT, class SubscriptionT, class MessageMemoryStrategyT> std::shared_ptr<ROSMessageT> rclcpp::Node::[01;32m[Kcreate_subscription[m[K(const std::string&, const rclcpp::QoS&, CallbackT&&, const rclcpp::SubscriptionOptionsWithAllocator<AllocatorT>&, typename MessageMemoryStrategyT::SharedPtr)[m[Kâ€™
[3.136s]   222 |   [01;36m[Kcreate_subscription[m[K(
[3.136s]       |   [01;36m[K^~~~~~~~~~~~~~~~~~~[m[K
[3.136s] [01m[K/opt/ros/kilted/include/rclcpp/rclcpp/node.hpp:222:3:[m[K [01;36m[Knote: [m[K  template argument deduction/substitution failed:
[3.136s] [01m[K/home/julian/workspace/Studium/ros2_ws/src/chatting/src/subscriber_lambda_function.cpp:32:60:[m[K [01;31m[Kerror: [m[Ktemplate argument 1 is invalid
[3.136s]    32 |       [01;31m[Kthis->create_subscription<chatting::msg::AddressBook>("address_book", 10, topic_callback)[m[K;
[3.136s]       |       [01;31m[K~~~~~~~~~~~~~~~~~~~~~~~~~~~~~~~~~~~~~~~~~~~~~~~~~~~~~^~~~~~~~~~~~~~~~~~~~~~~~~~~~~~~~~~~~[m[K
[3.861s] gmake[2]: *** [CMakeFiles/listener.dir/build.make:76: CMakeFiles/listener.dir/src/subscriber_lambda_function.cpp.o] Error 1
[3.861s] gmake[1]: *** [CMakeFiles/Makefile2:657: CMakeFiles/listener.dir/all] Error 2
[3.861s] gmake[1]: *** Waiting for unfinished jobs....
[3.899s] gmake[2]: *** [CMakeFiles/talker.dir/build.make:76: CMakeFiles/talker.dir/src/publisher_lambda_function.cpp.o] Error 1
[3.899s] gmake[1]: *** [CMakeFiles/Makefile2:628: CMakeFiles/talker.dir/all] Error 2
[3.899s] gmake: *** [Makefile:146: all] Error 2
[3.902s] Invoked command in '/home/julian/workspace/Studium/ros2_ws/build/chatting' returned '2': CMAKE_PREFIX_PATH=${CMAKE_PREFIX_PATH}:/home/julian/workspace/Studium/ros2_ws/install/py_pubsub:/home/julian/workspace/Studium/ros2_ws/install/test_controller:/opt/ros/kilted /usr/bin/cmake --build /home/julian/workspace/Studium/ros2_ws/build/chatting -- -j12 -l12
