[0.030s] Invoking command in '/home/julian/workspace/Studium/ros2_ws/build/chatting': CMAKE_PREFIX_PATH=${CMAKE_PREFIX_PATH}:/home/julian/workspace/Studium/ros2_ws/install/py_pubsub:/home/julian/workspace/Studium/ros2_ws/install/test_controller:/opt/ros/kilted /usr/bin/cmake --build /home/julian/workspace/Studium/ros2_ws/build/chatting -- -j12 -l12
[0.416s] [  2%] Built target chatting__rosidl_generator_type_description
[0.417s] [  2%] Built target ament_cmake_python_copy_chatting
[0.417s] [ 15%] Built target chatting__rosidl_generator_c
[0.417s] [ 18%] Built target chatting__cpp
[0.418s] [ 26%] Built target chatting__rosidl_typesupport_fastrtps_c
[0.418s] [ 34%] Built target chatting__rosidl_typesupport_introspection_cpp
[0.419s] [ 42%] Built target chatting__rosidl_typesupport_introspection_c
[0.419s] [ 50%] Built target chatting__rosidl_typesupport_c
[0.419s] [ 57%] Built target chatting__rosidl_typesupport_fastrtps_cpp
[0.419s] [ 65%] Built target chatting__rosidl_typesupport_cpp
[0.420s] [ 65%] Built target chatting
[0.420s] [ 68%] Built target chatting__py
[0.420s] [ 71%] [32mBuilding CXX object CMakeFiles/talker.dir/src/publisher_lambda_function.cpp.o[0m
[0.421s] [ 73%] [32mBuilding CXX object CMakeFiles/listener.dir/src/subscriber_lambda_function.cpp.o[0m
[0.421s] [ 78%] Built target chatting__rosidl_generator_py
[0.421s] [ 84%] Built target chatting_s__rosidl_typesupport_fastrtps_c
[0.422s] [ 89%] Built target chatting_s__rosidl_typesupport_c
[0.422s] [ 94%] Built target chatting_s__rosidl_typesupport_introspection_c
[0.466s] running egg_info
[0.487s] writing chatting.egg-info/PKG-INFO
[0.487s] writing dependency_links to chatting.egg-info/dependency_links.txt
[0.488s] writing top-level names to chatting.egg-info/top_level.txt
[0.561s] reading manifest file 'chatting.egg-info/SOURCES.txt'
[0.561s] writing manifest file 'chatting.egg-info/SOURCES.txt'
[0.600s] [ 94%] Built target ament_cmake_python_build_chatting_egg
[3.105s] [01m[K/home/julian/workspace/Studium/ros2_ws/src/chatting/src/publisher_lambda_function.cpp:33:36:[m[K [01;31m[Kerror: [m[Kâ€˜[01m[KSchreibClient[m[Kâ€™ is not a member of â€˜[01m[Kchatting::msg[m[Kâ€™; did you mean â€˜[01m[KSchreibClient[m[Kâ€™?
[3.106s]    33 |   rclcpp::Publisher<chatting::msg::[01;31m[KSchreibClient[m[K>::SharedPtr address_book_publisher_;
[3.106s]       |                                    [01;31m[K^~~~~~~~~~~~~[m[K
[3.106s] [01m[K/home/julian/workspace/Studium/ros2_ws/src/chatting/src/publisher_lambda_function.cpp:9:7:[m[K [01;36m[Knote: [m[Kâ€˜[01m[KSchreibClient[m[Kâ€™ declared here
[3.106s]     9 | class [01;36m[KSchreibClient[m[K : public rclcpp::Node
[3.106s]       |       [01;36m[K^~~~~~~~~~~~~[m[K
[3.106s] [01m[K/home/julian/workspace/Studium/ros2_ws/src/chatting/src/publisher_lambda_function.cpp:33:49:[m[K [01;31m[Kerror: [m[Ktemplate argument 1 is invalid
[3.106s]    33 |   rclcpp::Publisher<chatting::msg::SchreibClient[01;31m[K>[m[K::SharedPtr address_book_publisher_;
[3.106s]       |                                                 [01;31m[K^[m[K
[3.106s] [01m[K/home/julian/workspace/Studium/ros2_ws/src/chatting/src/publisher_lambda_function.cpp:33:52:[m[K [01;31m[Kerror: [m[Kexpected â€˜[01m[K;[m[Kâ€™ at end of member declaration
[3.106s]    33 |   rclcpp::Publisher<chatting::msg::SchreibClient>::[01;31m[KSharedPtr[m[K address_book_publisher_;
[3.106s]       |                                                    [01;31m[K^~~~~~~~~[m[K
[3.106s]       |                                                             [32m[K;[m[K
[3.110s] [01m[K/home/julian/workspace/Studium/ros2_ws/src/chatting/src/publisher_lambda_function.cpp:33:62:[m[K [01;31m[Kerror: [m[Kâ€˜[01m[Kaddress_book_publisher_[m[Kâ€™ does not name a type
[3.110s]    33 |   rclcpp::Publisher<chatting::msg::SchreibClient>::SharedPtr [01;31m[Kaddress_book_publisher_[m[K;
[3.111s]       |                                                              [01;31m[K^~~~~~~~~~~~~~~~~~~~~~~[m[K
[3.124s] [01m[K/home/julian/workspace/Studium/ros2_ws/src/chatting/src/publisher_lambda_function.cpp:[m[K In constructor â€˜[01m[KSchreibClient::[01;32m[KSchreibClient[m[K()[m[Kâ€™:
[3.124s] [01m[K/home/julian/workspace/Studium/ros2_ws/src/chatting/src/publisher_lambda_function.cpp:15:5:[m[K [01;31m[Kerror: [m[Kâ€˜[01m[Kaddress_book_publisher_[m[Kâ€™ was not declared in this scope
[3.125s]    15 |     [01;31m[Kaddress_book_publisher_[m[K =
[3.125s]       |     [01;31m[K^~~~~~~~~~~~~~~~~~~~~~~[m[K
[3.126s] [01m[K/home/julian/workspace/Studium/ros2_ws/src/chatting/src/publisher_lambda_function.cpp:16:45:[m[K [01;31m[Kerror: [m[Kâ€˜[01m[KAddressBook[m[Kâ€™ is not a member of â€˜[01m[Kchatting::msg[m[Kâ€™
[3.126s]    16 |       this->create_publisher<chatting::msg::[01;31m[KAddressBook[m[K>("address_book", 10);
[3.126s]       |                                             [01;31m[K^~~~~~~~~~~[m[K
[3.126s] [01m[K/home/julian/workspace/Studium/ros2_ws/src/chatting/src/publisher_lambda_function.cpp:16:57:[m[K [01;31m[Kerror: [m[Kno matching function for call to â€˜[01m[KSchreibClient::create_publisher<<expression error> >(const char [13], int)[m[Kâ€™
[3.126s]    16 |       [01;31m[Kthis->create_publisher<chatting::msg::AddressBook>("address_book", 10)[m[K;
[3.126s]       |       [01;31m[K~~~~~~~~~~~~~~~~~~~~~~~~~~~~~~~~~~~~~~~~~~~~~~~~~~^~~~~~~~~~~~~~~~~~~~[m[K
[3.127s] In file included from [01m[K/opt/ros/kilted/include/rclcpp/rclcpp/executors/single_threaded_executor.hpp:28[m[K,
[3.127s]                  from [01m[K/opt/ros/kilted/include/rclcpp/rclcpp/executors.hpp:22[m[K,
[3.127s]                  from [01m[K/opt/ros/kilted/include/rclcpp/rclcpp/rclcpp.hpp:172[m[K,
[3.127s]                  from [01m[K/home/julian/workspace/Studium/ros2_ws/src/chatting/src/publisher_lambda_function.cpp:4[m[K:
[3.127s] [01m[K/opt/ros/kilted/include/rclcpp/rclcpp/node.hpp:198:3:[m[K [01;36m[Knote: [m[Kcandidate: â€˜[01m[Ktemplate<class MessageT, class AllocatorT, class PublisherT> std::shared_ptr<PublisherT> rclcpp::Node::[01;32m[Kcreate_publisher[m[K(const std::string&, const rclcpp::QoS&, const rclcpp::PublisherOptionsWithAllocator<AllocatorT>&)[m[Kâ€™
[3.127s]   198 |   [01;36m[Kcreate_publisher[m[K(
[3.127s]       |   [01;36m[K^~~~~~~~~~~~~~~~[m[K
[3.127s] [01m[K/opt/ros/kilted/include/rclcpp/rclcpp/node.hpp:198:3:[m[K [01;36m[Knote: [m[K  template argument deduction/substitution failed:
[3.128s] [01m[K/home/julian/workspace/Studium/ros2_ws/src/chatting/src/publisher_lambda_function.cpp:16:57:[m[K [01;31m[Kerror: [m[Ktemplate argument 1 is invalid
[3.128s]    16 |       [01;31m[Kthis->create_publisher<chatting::msg::AddressBook>("address_book", 10)[m[K;
[3.128s]       |       [01;31m[K~~~~~~~~~~~~~~~~~~~~~~~~~~~~~~~~~~~~~~~~~~~~~~~~~~^~~~~~~~~~~~~~~~~~~~[m[K
[3.128s] [01m[K/home/julian/workspace/Studium/ros2_ws/src/chatting/src/publisher_lambda_function.cpp:[m[K In lambda function:
[3.129s] [01m[K/home/julian/workspace/Studium/ros2_ws/src/chatting/src/publisher_lambda_function.cpp:19:33:[m[K [01;31m[Kerror: [m[Kâ€˜[01m[KAddressBook[m[Kâ€™ is not a member of â€˜[01m[Kchatting::msg[m[Kâ€™
[3.129s]    19 |   auto message = chatting::msg::[01;31m[KAddressBook[m[K();
[3.129s]       |                                 [01;31m[K^~~~~~~~~~~[m[K
[3.130s] [01m[K/home/julian/workspace/Studium/ros2_ws/src/chatting/src/publisher_lambda_function.cpp:27:15:[m[K [01;31m[Kerror: [m[Kâ€˜[01m[Kclass SchreibClient[m[Kâ€™ has no member named â€˜[01m[Kaddress_book_publisher_[m[Kâ€™
[3.130s]    27 |         this->[01;31m[Kaddress_book_publisher_[m[K->publish(message);
[3.130s]       |               [01;31m[K^~~~~~~~~~~~~~~~~~~~~~~[m[K
[3.255s] [01m[K/home/julian/workspace/Studium/ros2_ws/src/chatting/src/subscriber_lambda_function.cpp:36:39:[m[K [01;31m[Kerror: [m[Kâ€˜[01m[KAddressBook[m[Kâ€™ is not a member of â€˜[01m[Kchatting::msg[m[Kâ€™
[3.255s]    36 |   rclcpp::Subscription<chatting::msg::[01;31m[KAddressBook[m[K>::SharedPtr subscription_;
[3.255s]       |                                       [01;31m[K^~~~~~~~~~~[m[K
[3.255s] [01m[K/home/julian/workspace/Studium/ros2_ws/src/chatting/src/subscriber_lambda_function.cpp:36:50:[m[K [01;31m[Kerror: [m[Ktemplate argument 1 is invalid
[3.255s]    36 |   rclcpp::Subscription<chatting::msg::AddressBook[01;31m[K>[m[K::SharedPtr subscription_;
[3.255s]       |                                                  [01;31m[K^[m[K
[3.255s] [01m[K/home/julian/workspace/Studium/ros2_ws/src/chatting/src/subscriber_lambda_function.cpp:36:50:[m[K [01;31m[Kerror: [m[Ktemplate argument 3 is invalid
[3.255s] [01m[K/home/julian/workspace/Studium/ros2_ws/src/chatting/src/subscriber_lambda_function.cpp:36:50:[m[K [01;31m[Kerror: [m[Ktemplate argument 4 is invalid
[3.255s] [01m[K/home/julian/workspace/Studium/ros2_ws/src/chatting/src/subscriber_lambda_function.cpp:36:50:[m[K [01;31m[Kerror: [m[Ktemplate argument 5 is invalid
[3.255s] [01m[K/home/julian/workspace/Studium/ros2_ws/src/chatting/src/subscriber_lambda_function.cpp:36:53:[m[K [01;31m[Kerror: [m[Kexpected â€˜[01m[K;[m[Kâ€™ at end of member declaration
[3.255s]    36 |   rclcpp::Subscription<chatting::msg::AddressBook>::[01;31m[KSharedPtr[m[K subscription_;
[3.255s]       |                                                     [01;31m[K^~~~~~~~~[m[K
[3.255s]       |                                                              [32m[K;[m[K
[3.257s] [01m[K/home/julian/workspace/Studium/ros2_ws/src/chatting/src/subscriber_lambda_function.cpp:36:63:[m[K [01;31m[Kerror: [m[Kâ€˜[01m[Ksubscription_[m[Kâ€™ does not name a type; did you mean â€˜[01m[Krmw_subscription_t[m[Kâ€™?
[3.257s]    36 |   rclcpp::Subscription<chatting::msg::AddressBook>::SharedPtr [01;31m[Ksubscription_[m[K;
[3.258s]       |                                                               [01;31m[K^~~~~~~~~~~~~[m[K
[3.258s]       |                                                               [32m[Krmw_subscription_t[m[K
[3.258s] [01m[K/home/julian/workspace/Studium/ros2_ws/src/chatting/src/subscriber_lambda_function.cpp:[m[K In constructor â€˜[01m[KDisplayClient::[01;32m[KDisplayClient[m[K()[m[Kâ€™:
[3.258s] [01m[K/home/julian/workspace/Studium/ros2_ws/src/chatting/src/subscriber_lambda_function.cpp:27:35:[m[K [01;31m[Kerror: [m[Kâ€˜[01m[KAddressBook[m[Kâ€™ in namespace â€˜[01m[Kchatting::msg[m[Kâ€™ does not name a type
[3.258s]    27 |       [this](const chatting::msg::[01;31m[KAddressBook[m[K::SharedPtr msg) -> void {
[3.258s]       |                                   [01;31m[K^~~~~~~~~~~[m[K
[3.258s] [01m[K/home/julian/workspace/Studium/ros2_ws/src/chatting/src/subscriber_lambda_function.cpp:30:8:[m[K [01;31m[Kerror: [m[Kexpected â€˜[01m[K)[m[Kâ€™ before â€˜[01m[K;[m[Kâ€™ token
[3.259s]    30 |       }[01;31m[K;[m[K
[3.259s]       |        [01;31m[K^[m[K
[3.259s] [01m[K/home/julian/workspace/Studium/ros2_ws/src/chatting/src/subscriber_lambda_function.cpp:27:13:[m[K [01;36m[Knote: [m[Kto match this â€˜[01m[K([m[Kâ€™
[3.259s]    27 |       [this][01;36m[K([m[Kconst chatting::msg::AddressBook::SharedPtr msg) -> void {
[3.259s]       |             [01;36m[K^[m[K
[3.259s] [01m[K/home/julian/workspace/Studium/ros2_ws/src/chatting/src/subscriber_lambda_function.cpp:[m[K In lambda function:
[3.259s] [01m[K/home/julian/workspace/Studium/ros2_ws/src/chatting/src/subscriber_lambda_function.cpp:30:8:[m[K [01;31m[Kerror: [m[Kexpected â€˜[01m[K{[m[Kâ€™ before â€˜[01m[K;[m[Kâ€™ token
[3.259s]    30 |       }[01;31m[K;[m[K
[3.259s]       |        [01;31m[K^[m[K
[3.267s] [01m[K/home/julian/workspace/Studium/ros2_ws/src/chatting/src/subscriber_lambda_function.cpp:[m[K In constructor â€˜[01m[KDisplayClient::[01;32m[KDisplayClient[m[K()[m[Kâ€™:
[3.267s] [01m[K/home/julian/workspace/Studium/ros2_ws/src/chatting/src/subscriber_lambda_function.cpp:31:5:[m[K [01;31m[Kerror: [m[Kâ€˜[01m[Ksubscription_[m[Kâ€™ was not declared in this scope; did you mean â€˜[01m[Krmw_subscription_t[m[Kâ€™?
[3.267s]    31 |     [01;31m[Ksubscription_[m[K =
[3.268s]       |     [01;31m[K^~~~~~~~~~~~~[m[K
[3.268s]       |     [32m[Krmw_subscription_t[m[K
[3.268s] [01m[K/home/julian/workspace/Studium/ros2_ws/src/chatting/src/subscriber_lambda_function.cpp:32:48:[m[K [01;31m[Kerror: [m[Kâ€˜[01m[KAddressBook[m[Kâ€™ is not a member of â€˜[01m[Kchatting::msg[m[Kâ€™
[3.268s]    32 |       this->create_subscription<chatting::msg::[01;31m[KAddressBook[m[K>("address_book", 10, topic_callback);
[3.268s]       |                                                [01;31m[K^~~~~~~~~~~[m[K
[3.268s] [01m[K/home/julian/workspace/Studium/ros2_ws/src/chatting/src/subscriber_lambda_function.cpp:32:60:[m[K [01;31m[Kerror: [m[Kno matching function for call to â€˜[01m[KDisplayClient::create_subscription<<expression error> >(const char [13], int, DisplayClient::DisplayClient()::<lambda(int)>&)[m[Kâ€™
[3.268s]    32 |       [01;31m[Kthis->create_subscription<chatting::msg::AddressBook>("address_book", 10, topic_callback)[m[K;
[3.268s]       |       [01;31m[K~~~~~~~~~~~~~~~~~~~~~~~~~~~~~~~~~~~~~~~~~~~~~~~~~~~~~^~~~~~~~~~~~~~~~~~~~~~~~~~~~~~~~~~~~[m[K
[3.269s] In file included from [01m[K/opt/ros/kilted/include/rclcpp/rclcpp/executors/single_threaded_executor.hpp:28[m[K,
[3.269s]                  from [01m[K/opt/ros/kilted/include/rclcpp/rclcpp/executors.hpp:22[m[K,
[3.269s]                  from [01m[K/opt/ros/kilted/include/rclcpp/rclcpp/rclcpp.hpp:172[m[K,
[3.269s]                  from [01m[K/home/julian/workspace/Studium/ros2_ws/src/chatting/src/subscriber_lambda_function.cpp:17[m[K:
[3.269s] [01m[K/opt/ros/kilted/include/rclcpp/rclcpp/node.hpp:222:3:[m[K [01;36m[Knote: [m[Kcandidate: â€˜[01m[Ktemplate<class MessageT, class CallbackT, class AllocatorT, class SubscriptionT, class MessageMemoryStrategyT> std::shared_ptr<ROSMessageT> rclcpp::Node::[01;32m[Kcreate_subscription[m[K(const std::string&, const rclcpp::QoS&, CallbackT&&, const rclcpp::SubscriptionOptionsWithAllocator<AllocatorT>&, typename MessageMemoryStrategyT::SharedPtr)[m[Kâ€™
[3.269s]   222 |   [01;36m[Kcreate_subscription[m[K(
[3.269s]       |   [01;36m[K^~~~~~~~~~~~~~~~~~~[m[K
[3.269s] [01m[K/opt/ros/kilted/include/rclcpp/rclcpp/node.hpp:222:3:[m[K [01;36m[Knote: [m[K  template argument deduction/substitution failed:
[3.270s] [01m[K/home/julian/workspace/Studium/ros2_ws/src/chatting/src/subscriber_lambda_function.cpp:32:60:[m[K [01;31m[Kerror: [m[Ktemplate argument 1 is invalid
[3.270s]    32 |       [01;31m[Kthis->create_subscription<chatting::msg::AddressBook>("address_book", 10, topic_callback)[m[K;
[3.270s]       |       [01;31m[K~~~~~~~~~~~~~~~~~~~~~~~~~~~~~~~~~~~~~~~~~~~~~~~~~~~~~^~~~~~~~~~~~~~~~~~~~~~~~~~~~~~~~~~~~[m[K
[3.979s] gmake[2]: *** [CMakeFiles/talker.dir/build.make:76: CMakeFiles/talker.dir/src/publisher_lambda_function.cpp.o] Error 1
[3.980s] gmake[1]: *** [CMakeFiles/Makefile2:628: CMakeFiles/talker.dir/all] Error 2
[3.980s] gmake[1]: *** Waiting for unfinished jobs....
[4.036s] gmake[2]: *** [CMakeFiles/listener.dir/build.make:76: CMakeFiles/listener.dir/src/subscriber_lambda_function.cpp.o] Error 1
[4.037s] gmake[1]: *** [CMakeFiles/Makefile2:657: CMakeFiles/listener.dir/all] Error 2
[4.037s] gmake: *** [Makefile:146: all] Error 2
[4.039s] Invoked command in '/home/julian/workspace/Studium/ros2_ws/build/chatting' returned '2': CMAKE_PREFIX_PATH=${CMAKE_PREFIX_PATH}:/home/julian/workspace/Studium/ros2_ws/install/py_pubsub:/home/julian/workspace/Studium/ros2_ws/install/test_controller:/opt/ros/kilted /usr/bin/cmake --build /home/julian/workspace/Studium/ros2_ws/build/chatting -- -j12 -l12
