[0.013s] Invoking command in '/home/julian/workspace/Studium/ros2_ws/build/chatting': CMAKE_PREFIX_PATH=${CMAKE_PREFIX_PATH}:/home/julian/workspace/Studium/ros2_ws/install/py_pubsub:/home/julian/workspace/Studium/ros2_ws/install/test_controller:/opt/ros/kilted /usr/bin/cmake /home/julian/workspace/Studium/ros2_ws/src/chatting -DCMAKE_INSTALL_PREFIX=/home/julian/workspace/Studium/ros2_ws/install/chatting
[0.194s] -- The C compiler identification is GNU 13.3.0
[0.501s] -- The CXX compiler identification is GNU 13.3.0
[0.703s] -- Detecting C compiler ABI info
[0.912s] -- Detecting C compiler ABI info - done
[0.920s] -- Check for working C compiler: /usr/bin/cc - skipped
[0.920s] -- Detecting C compile features
[0.921s] -- Detecting C compile features - done
[0.957s] -- Detecting CXX compiler ABI info
[1.212s] -- Detecting CXX compiler ABI info - done
[1.221s] -- Check for working CXX compiler: /usr/bin/c++ - skipped
[1.221s] -- Detecting CXX compile features
[1.222s] -- Detecting CXX compile features - done
[1.224s] -- Found ament_cmake: 2.7.3 (/opt/ros/kilted/share/ament_cmake/cmake)
[1.367s] -- Found Python3: /usr/bin/python3 (found version "3.12.3") found components: Interpreter 
[1.474s] -- Found rclcpp: 29.5.3 (/opt/ros/kilted/share/rclcpp/cmake)
[1.657s] -- Found rosidl_generator_c: 4.9.5 (/opt/ros/kilted/share/rosidl_generator_c/cmake)
[1.668s] -- Found rosidl_generator_cpp: 4.9.5 (/opt/ros/kilted/share/rosidl_generator_cpp/cmake)
[1.681s] -- Using all available rosidl_typesupport_c: rosidl_typesupport_fastrtps_c;rosidl_typesupport_introspection_c
[1.699s] -- Using all available rosidl_typesupport_cpp: rosidl_typesupport_fastrtps_cpp;rosidl_typesupport_introspection_cpp
[1.766s] -- Found rmw_implementation_cmake: 7.8.2 (/opt/ros/kilted/share/rmw_implementation_cmake/cmake)
[1.768s] -- Found rmw_fastrtps_cpp: 9.3.3 (/opt/ros/kilted/share/rmw_fastrtps_cpp/cmake)
[1.831s] -- Found OpenSSL: /usr/lib/x86_64-linux-gnu/libcrypto.so (found version "3.0.13")  
[1.842s] -- Using RMW implementation 'rmw_fastrtps_cpp' as default
[1.950s] -- Found std_msgs: 5.5.1 (/opt/ros/kilted/share/std_msgs/cmake)
[1.963s] -- Found rosidl_default_generators: 1.7.1 (/opt/ros/kilted/share/rosidl_default_generators/cmake)
[1.975s] -- Found rosidl_adapter: 4.9.5 (/opt/ros/kilted/share/rosidl_adapter/cmake)
[2.533s] -- Found ament_cmake_ros_core: 0.14.3 (/opt/ros/kilted/share/ament_cmake_ros_core/cmake)
[3.189s] -- Using all available rosidl_typesupport_c: rosidl_typesupport_fastrtps_c;rosidl_typesupport_introspection_c
[3.450s] -- Using all available rosidl_typesupport_cpp: rosidl_typesupport_fastrtps_cpp;rosidl_typesupport_introspection_cpp
[3.861s] -- Found Python3: /usr/bin/python3 (found version "3.12.3") found components: Interpreter Development NumPy Development.Module Development.Embed 
[3.897s] -- Configuring done (3.9s)
[3.941s] -- Generating done (0.0s)
[3.953s] -- Build files have been written to: /home/julian/workspace/Studium/ros2_ws/build/chatting
[3.964s] Invoked command in '/home/julian/workspace/Studium/ros2_ws/build/chatting' returned '0': CMAKE_PREFIX_PATH=${CMAKE_PREFIX_PATH}:/home/julian/workspace/Studium/ros2_ws/install/py_pubsub:/home/julian/workspace/Studium/ros2_ws/install/test_controller:/opt/ros/kilted /usr/bin/cmake /home/julian/workspace/Studium/ros2_ws/src/chatting -DCMAKE_INSTALL_PREFIX=/home/julian/workspace/Studium/ros2_ws/install/chatting
[3.966s] Invoking command in '/home/julian/workspace/Studium/ros2_ws/build/chatting': CMAKE_PREFIX_PATH=${CMAKE_PREFIX_PATH}:/home/julian/workspace/Studium/ros2_ws/install/py_pubsub:/home/julian/workspace/Studium/ros2_ws/install/test_controller:/opt/ros/kilted /usr/bin/cmake --build /home/julian/workspace/Studium/ros2_ws/build/chatting -- -j12 -l12
[4.011s] [  2%] [32mBuilding CXX object CMakeFiles/talker.dir/src/publisher_lambda_function.cpp.o[0m
[4.012s] [  5%] [34m[1mGenerating type hashes for ROS interfaces[0m
[4.019s] [  7%] [32mBuilding CXX object CMakeFiles/listener.dir/src/subscriber_lambda_function.cpp.o[0m
[4.026s] [  7%] Built target ament_cmake_python_copy_chatting
[4.233s] running egg_info
[4.234s] creating chatting.egg-info
[4.250s] writing chatting.egg-info/PKG-INFO
[4.250s] writing dependency_links to chatting.egg-info/dependency_links.txt
[4.250s] writing top-level names to chatting.egg-info/top_level.txt
[4.251s] writing manifest file 'chatting.egg-info/SOURCES.txt'
[4.264s] [  7%] Built target chatting__rosidl_generator_type_description
[4.269s] [01m[K/home/julian/workspace/Studium/ros2_ws/src/chatting/src/publisher_lambda_function.cpp:5:10:[m[K [01;31m[Kfatal error: [m[Kchatting/msg/address_book.hpp: No such file or directory
[4.269s]     5 | #include [01;31m[K"chatting/msg/address_book.hpp"[m[K
[4.269s]       |          [01;31m[K^~~~~~~~~~~~~~~~~~~~~~~~~~~~~~~[m[K
[4.269s] compilation terminated.
[4.273s] gmake[2]: *** [CMakeFiles/talker.dir/build.make:76: CMakeFiles/talker.dir/src/publisher_lambda_function.cpp.o] Error 1
[4.273s] gmake[1]: *** [CMakeFiles/Makefile2:625: CMakeFiles/talker.dir/all] Error 2
[4.273s] gmake[1]: *** Waiting for unfinished jobs....
[4.279s] [ 10%] [34m[1mGenerating C code for ROS interfaces[0m
[4.287s] [ 13%] [34m[1mGenerating C++ code for ROS interfaces[0m
[4.311s] reading manifest file 'chatting.egg-info/SOURCES.txt'
[4.312s] writing manifest file 'chatting.egg-info/SOURCES.txt'
[4.354s] [ 13%] Built target ament_cmake_python_build_chatting_egg
[4.536s] [ 13%] Built target chatting__cpp
[4.584s] [ 15%] [32mBuilding C object CMakeFiles/chatting__rosidl_generator_c.dir/rosidl_generator_c/chatting/msg/detail/address_book__type_support.c.o[0m
[4.587s] [ 18%] [32mBuilding C object CMakeFiles/chatting__rosidl_generator_c.dir/rosidl_generator_c/chatting/msg/detail/address_book__description.c.o[0m
[4.587s] [ 21%] [32mBuilding C object CMakeFiles/chatting__rosidl_generator_c.dir/rosidl_generator_c/chatting/msg/detail/address_book__functions.c.o[0m
[4.606s] gmake[2]: *** [CMakeFiles/chatting__rosidl_generator_c.dir/build.make:145: CMakeFiles/chatting__rosidl_generator_c.dir/rosidl_generator_c/chatting/msg/detail/address_book__type_support.c.o] Interrupt
[4.606s] gmake[2]: *** [CMakeFiles/listener.dir/build.make:76: CMakeFiles/listener.dir/src/subscriber_lambda_function.cpp.o] Interrupt
[4.606s] gmake[2]: *** [CMakeFiles/chatting__rosidl_generator_c.dir/build.make:117: CMakeFiles/chatting__rosidl_generator_c.dir/rosidl_generator_c/chatting/msg/detail/address_book__description.c.o] Interrupt
[4.607s] gmake[2]: *** [CMakeFiles/chatting__rosidl_generator_c.dir/build.make:131: CMakeFiles/chatting__rosidl_generator_c.dir/rosidl_generator_c/chatting/msg/detail/address_book__functions.c.o] Interrupt
[4.607s] gmake[1]: *** [CMakeFiles/Makefile2:651: CMakeFiles/listener.dir/all] Interrupt
[4.607s] gmake[1]: *** [CMakeFiles/Makefile2:245: CMakeFiles/chatting__rosidl_generator_c.dir/all] Interrupt
[4.607s] gmake: *** [Makefile:146: all] Interrupt
[4.611s] Invoked command in '/home/julian/workspace/Studium/ros2_ws/build/chatting' returned '-2': CMAKE_PREFIX_PATH=${CMAKE_PREFIX_PATH}:/home/julian/workspace/Studium/ros2_ws/install/py_pubsub:/home/julian/workspace/Studium/ros2_ws/install/test_controller:/opt/ros/kilted /usr/bin/cmake --build /home/julian/workspace/Studium/ros2_ws/build/chatting -- -j12 -l12
